[12:56:10] [main/INFO]: Environment: authHost='https://authserver.mojang.com', accountsHost='https://api.mojang.com', sessionHost='https://sessionserver.mojang.com', servicesHost='https://api.minecraftservices.com', name='PROD'
[12:56:11] [main/WARN]: Ambiguity between arguments [teleport, location] and [teleport, destination] with inputs: [0.1 -0.5 .9, 0 0 0]
[12:56:11] [main/WARN]: Ambiguity between arguments [teleport, location] and [teleport, targets] with inputs: [0.1 -0.5 .9, 0 0 0]
[12:56:11] [main/WARN]: Ambiguity between arguments [teleport, destination] and [teleport, targets] with inputs: [Player, 0123, @e, dd12be42-52a9-4a91-a8a1-11c01849e498]
[12:56:11] [main/WARN]: Ambiguity between arguments [teleport, targets] and [teleport, destination] with inputs: [Player, 0123, dd12be42-52a9-4a91-a8a1-11c01849e498]
[12:56:11] [main/WARN]: Ambiguity between arguments [teleport, targets, location] and [teleport, targets, destination] with inputs: [0.1 -0.5 .9, 0 0 0]
[12:56:11] [main/INFO]: Reloading ResourceManager: Default
[12:56:14] [Worker-Main-2/INFO]: Loaded 7 recipes
[12:56:14] [Worker-Main-2/INFO]: Loaded 1137 advancements
[12:56:19] [Server thread/INFO]: Starting minecraft server version 21w37a
[12:56:19] [Server thread/INFO]: Loading properties
[12:56:19] [Server thread/INFO]: Default game type: SURVIVAL
[12:56:19] [Server thread/INFO]: Generating keypair
[12:56:20] [Server thread/INFO]: Starting Minecraft server on *:25565
[12:56:20] [Server thread/INFO]: Using epoll channel type
[12:56:20] [Server thread/WARN]: **** SERVER IS RUNNING IN OFFLINE/INSECURE MODE!
[12:56:20] [Server thread/WARN]: The server will make no attempt to authenticate usernames. Beware.
[12:56:20] [Server thread/WARN]: While this makes the game possible to play without internet access, it also opens up the ability for hackers to connect with any username they choose.
[12:56:20] [Server thread/WARN]: To change this, set "online-mode" to "true" in the server.properties file.
[12:56:20] [Server thread/INFO]: Preparing level "world"
[12:56:21] [Server thread/INFO]: Preparing start region for dimension minecraft:overworld
[12:56:22] [Worker-Main-2/INFO]: Preparing spawn area: 0%
[12:56:22] [Worker-Main-2/INFO]: Preparing spawn area: 0%
[12:56:22] [Worker-Main-2/INFO]: Preparing spawn area: 0%
[12:56:22] [Worker-Main-2/INFO]: Preparing spawn area: 0%
[12:56:23] [Worker-Main-2/INFO]: Preparing spawn area: 0%
[12:56:23] [Worker-Main-2/INFO]: Preparing spawn area: 0%
[12:56:24] [Worker-Main-2/INFO]: Preparing spawn area: 0%
[12:56:24] [Worker-Main-2/INFO]: Preparing spawn area: 0%
[12:56:25] [Worker-Main-2/INFO]: Preparing spawn area: 0%
[12:56:25] [Worker-Main-2/INFO]: Preparing spawn area: 0%
[12:56:26] [Worker-Main-2/INFO]: Preparing spawn area: 0%
[12:56:26] [Worker-Main-2/INFO]: Preparing spawn area: 0%
[12:56:27] [Worker-Main-2/INFO]: Preparing spawn area: 0%
[12:56:27] [Worker-Main-2/INFO]: Preparing spawn area: 0%
[12:56:28] [Worker-Main-2/INFO]: Preparing spawn area: 0%
[12:56:28] [Worker-Main-2/INFO]: Preparing spawn area: 0%
[12:56:29] [Worker-Main-2/INFO]: Preparing spawn area: 0%
[12:56:29] [Worker-Main-2/INFO]: Preparing spawn area: 1%
[12:56:30] [Worker-Main-2/INFO]: Preparing spawn area: 3%
[12:56:30] [Worker-Main-2/INFO]: Preparing spawn area: 4%
[12:56:31] [Worker-Main-2/INFO]: Preparing spawn area: 4%
[12:56:31] [Worker-Main-2/INFO]: Preparing spawn area: 5%
[12:56:32] [Worker-Main-2/INFO]: Preparing spawn area: 9%
[12:56:32] [Worker-Main-2/INFO]: Preparing spawn area: 12%
[12:56:33] [Worker-Main-2/INFO]: Preparing spawn area: 14%
[12:56:33] [Worker-Main-2/INFO]: Preparing spawn area: 14%
[12:56:34] [Worker-Main-2/INFO]: Preparing spawn area: 14%
[12:56:34] [Worker-Main-2/INFO]: Preparing spawn area: 15%
[12:56:35] [Worker-Main-2/INFO]: Preparing spawn area: 16%
[12:56:35] [Worker-Main-2/INFO]: Preparing spawn area: 20%
[12:56:36] [Worker-Main-2/INFO]: Preparing spawn area: 20%
[12:56:36] [Worker-Main-2/INFO]: Preparing spawn area: 35%
[12:56:37] [Worker-Main-2/INFO]: Preparing spawn area: 36%
[12:56:37] [Worker-Main-2/INFO]: Preparing spawn area: 42%
[12:56:38] [Worker-Main-2/INFO]: Preparing spawn area: 46%
[12:56:38] [Worker-Main-2/INFO]: Preparing spawn area: 56%
[12:56:39] [Worker-Main-2/INFO]: Preparing spawn area: 57%
[12:56:39] [Worker-Main-2/INFO]: Preparing spawn area: 61%
[12:56:40] [Worker-Main-2/INFO]: Preparing spawn area: 68%
[12:56:40] [Worker-Main-2/INFO]: Preparing spawn area: 82%
[12:56:41] [Worker-Main-2/INFO]: Preparing spawn area: 90%
[12:56:42] [Server thread/INFO]: Time elapsed: 20954 ms
[12:56:42] [Server thread/INFO]: Done (21.366s)! For help, type "help"
[12:56:42] [Server thread/INFO]: Unknown or incomplete command, see below for error
[12:56:42] [Server thread/INFO]: No other window.  anilla# java -Xms1G -Xmx8G -jar server.jar nogui<--[HERE]
[12:57:34] [Server thread/INFO]: Nathanitto[/37.47.167.86:13118] logged in with entity id 28 at (2818.6707129886386, 62.073264739703426, -158.73416236779445)
[12:57:34] [Server thread/INFO]: Nathanitto joined the game
[12:57:37] [Server thread/WARN]: Can't keep up! Is the server overloaded? Running 3351ms or 67 ticks behind
[12:58:39] [Server thread/INFO]: B4RT3K_kox[/185.21.87.87:16780] logged in with entity id 267 at (-405.44866453977374, 78.0, -571.601919968875)
[12:58:39] [Server thread/INFO]: B4RT3K_kox joined the game
[12:58:43] [Server thread/WARN]: Can't keep up! Is the server overloaded? Running 4420ms or 88 ticks behind
[12:58:57] [Server thread/INFO]: [Nathanitto: Teleported Nathanitto to B4RT3K_kox]
[12:59:05] [Server thread/WARN]: Can't keep up! Is the server overloaded? Running 2047ms or 40 ticks behind
[12:59:42] [Server thread/WARN]: Can't keep up! Is the server overloaded? Running 2042ms or 40 ticks behind
